<?xml version="1.0" encoding="UTF-8"?>
<testng-results ignored="0" total="1" passed="1" failed="0" skipped="0">
  <reporter-output>
  </reporter-output>
  <suite started-at="2020-11-29T20:11:53 IST" name="Suite" finished-at="2020-11-29T20:12:12 IST" duration-ms="18865">
    <groups>
    </groups>
    <test started-at="2020-11-29T20:11:53 IST" name="Test" finished-at="2020-11-29T20:12:12 IST" duration-ms="18865">
      <class name="com.mavendemo.test.Test">
        <test-method signature="demo()[pri:0, instance:com.mavendemo.test.Test@ba54932]" started-at="2020-11-29T20:11:53 IST" name="demo" finished-at="2020-11-29T20:12:12 IST" duration-ms="18792" status="PASS">
          <reporter-output>
          </reporter-output>
        </test-method> <!-- demo -->
      </class> <!-- com.mavendemo.test.Test -->
    </test> <!-- Test -->
  </suite> <!-- Suite -->
</testng-results>
